{
  "uid" : "9da40bdb7becba36",
  "name" : "test_login_positve",
  "fullName" : "src.tests.test_email_sending_google#test_login_positve",
  "historyId" : "a529fe40a49cc9687f8ccb9b3bfe4aca",
  "time" : {
    "start" : 1592068079815,
    "stop" : 1592068094349,
    "duration" : 14534
  },
  "status" : "broken",
  "statusMessage" : "selenium.common.exceptions.TimeoutException: Message: Can't find element by locator ('id', 'identifierId')",
  "statusTrace" : "driver = <selenium.webdriver.remote.webdriver.WebDriver (session=\"787b14ef-72df-4092-a1cf-a08248bf05a8\")>\n\n    def test_login_positve(driver):\n        authorization_page = to_authorization_page(driver)\n>       authorization_page.enter_login(\"login\")\n\nsrc\\tests\\test_email_sending_google.py:29: \n_ _ _ _ _ _ _ _ _ _ _ _ _ _ _ _ _ _ _ _ _ _ _ _ _ _ _ _ _ _ _ _ _ _ _ _ _ _ _ _ _ _ _ _ _ _ _ _ _ _ _ _ _ _ _ _ _ _ _ _ _ _ _ _ _ _ _ _ _ _ _ _ _ _ _ _ _ _ _ _ _ _ _ _ _ _ _ _ _ _ _ _ _ _ _ _ _ _ _ _ _ _ _ _ _ _ _ _ \nsrc\\pages\\GooglePages.py:33: in enter_login\n    login_element = self.find_element(Locators.LOCATOR_LOGIN_ELEMENT)\nsrc\\base\\Base.py:13: in find_element\n    return WebDriverWait(self.driver,time).until(expected_conditions.presence_of_element_located(locator),\n_ _ _ _ _ _ _ _ _ _ _ _ _ _ _ _ _ _ _ _ _ _ _ _ _ _ _ _ _ _ _ _ _ _ _ _ _ _ _ _ _ _ _ _ _ _ _ _ _ _ _ _ _ _ _ _ _ _ _ _ _ _ _ _ _ _ _ _ _ _ _ _ _ _ _ _ _ _ _ _ _ _ _ _ _ _ _ _ _ _ _ _ _ _ _ _ _ _ _ _ _ _ _ _ _ _ _ _ \n\nself = <selenium.webdriver.support.wait.WebDriverWait (session=\"787b14ef-72df-4092-a1cf-a08248bf05a8\")>\nmethod = <selenium.webdriver.support.expected_conditions.presence_of_element_located object at 0x000001DFB98DCD30>, message = \"Can't find element by locator ('id', 'identifierId')\"\n\n    def until(self, method, message=''):\n        \"\"\"Calls the method provided with the driver as an argument until the \\\n        return value is not False.\"\"\"\n        screen = None\n        stacktrace = None\n    \n        end_time = time.time() + self._timeout\n        while True:\n            try:\n                value = method(self._driver)\n                if value:\n                    return value\n            except self._ignored_exceptions as exc:\n                screen = getattr(exc, 'screen', None)\n                stacktrace = getattr(exc, 'stacktrace', None)\n            time.sleep(self._poll)\n            if time.time() > end_time:\n                break\n>       raise TimeoutException(message, screen, stacktrace)\nE       selenium.common.exceptions.TimeoutException: Message: Can't find element by locator ('id', 'identifierId')\n\n..\\..\\..\\appdata\\local\\programs\\python\\python38\\lib\\site-packages\\selenium\\webdriver\\support\\wait.py:80: TimeoutException",
  "flaky" : false,
  "newFailed" : false,
  "beforeStages" : [ {
    "name" : "base_url",
    "time" : {
      "start" : 1592068076566,
      "stop" : 1592068076566,
      "duration" : 0
    },
    "status" : "passed",
    "steps" : [ ],
    "attachments" : [ ],
    "parameters" : [ ],
    "stepsCount" : 0,
    "hasContent" : false,
    "shouldDisplayMessage" : false,
    "attachmentsCount" : 0
  }, {
    "name" : "pytestconfig",
    "time" : {
      "start" : 1592068076566,
      "stop" : 1592068076566,
      "duration" : 0
    },
    "status" : "passed",
    "steps" : [ ],
    "attachments" : [ ],
    "parameters" : [ ],
    "stepsCount" : 0,
    "hasContent" : false,
    "shouldDisplayMessage" : false,
    "attachmentsCount" : 0
  }, {
    "name" : "_verify_url",
    "time" : {
      "start" : 1592068076566,
      "stop" : 1592068076566,
      "duration" : 0
    },
    "status" : "passed",
    "steps" : [ ],
    "attachments" : [ ],
    "parameters" : [ ],
    "stepsCount" : 0,
    "hasContent" : false,
    "shouldDisplayMessage" : false,
    "attachmentsCount" : 0
  }, {
    "name" : "driver",
    "time" : {
      "start" : 1592068076566,
      "stop" : 1592068079813,
      "duration" : 3247
    },
    "status" : "passed",
    "steps" : [ ],
    "attachments" : [ ],
    "parameters" : [ ],
    "stepsCount" : 0,
    "hasContent" : false,
    "shouldDisplayMessage" : false,
    "attachmentsCount" : 0
  }, {
    "name" : "sensitive_url",
    "time" : {
      "start" : 1592068076566,
      "stop" : 1592068076566,
      "duration" : 0
    },
    "status" : "passed",
    "steps" : [ ],
    "attachments" : [ ],
    "parameters" : [ ],
    "stepsCount" : 0,
    "hasContent" : false,
    "shouldDisplayMessage" : false,
    "attachmentsCount" : 0
  }, {
    "name" : "_skip_sensitive",
    "time" : {
      "start" : 1592068076566,
      "stop" : 1592068076566,
      "duration" : 0
    },
    "status" : "passed",
    "steps" : [ ],
    "attachments" : [ ],
    "parameters" : [ ],
    "stepsCount" : 0,
    "hasContent" : false,
    "shouldDisplayMessage" : false,
    "attachmentsCount" : 0
  } ],
  "afterStages" : [ {
    "name" : "driver::0",
    "time" : {
      "start" : 1592068094555,
      "stop" : 1592068095171,
      "duration" : 616
    },
    "status" : "passed",
    "steps" : [ ],
    "attachments" : [ ],
    "parameters" : [ ],
    "stepsCount" : 0,
    "hasContent" : false,
    "shouldDisplayMessage" : false,
    "attachmentsCount" : 0
  } ],
  "labels" : [ {
    "name" : "parentSuite",
    "value" : "src.tests"
  }, {
    "name" : "suite",
    "value" : "test_email_sending_google"
  }, {
    "name" : "host",
    "value" : "DESKTOP-QJMAO5E"
  }, {
    "name" : "thread",
    "value" : "5980-MainThread"
  }, {
    "name" : "framework",
    "value" : "pytest"
  }, {
    "name" : "language",
    "value" : "cpython3"
  }, {
    "name" : "package",
    "value" : "src.tests.test_email_sending_google"
  }, {
    "name" : "resultFormat",
    "value" : "allure2"
  } ],
  "parameters" : [ ],
  "links" : [ ],
  "hidden" : false,
  "retry" : false,
  "extra" : {
    "severity" : "normal",
    "retries" : [ {
      "uid" : "b302b18d03733b70",
      "status" : "broken",
      "statusDetails" : "selenium.common.exceptions.TimeoutException: Message: Can't find element by locator ('id', 'identifierId')",
      "time" : {
        "start" : 1592067900355,
        "stop" : 1592067914085,
        "duration" : 13730
      }
    } ],
    "categories" : [ {
      "name" : "Test defects",
      "matchedStatuses" : [ ],
      "flaky" : false
    } ],
    "tags" : [ ]
  },
  "source" : "9da40bdb7becba36.json",
  "parameterValues" : [ ]
}